# JRE version: Java(TM) SE Runtime Environment (8.0_111-b14) (build 1.8.0_111-b14)
# Java VM: Java HotSpot(TM) 64-Bit Server VM (25.111-b14 mixed mode windows-amd64 compressed oops)
Heap:
 PSYoungGen      total 449024K, used 403728K [0x00000000d5c00000, 0x00000000f2a00000, 0x0000000100000000)
  eden space 428032K, 90% used [0x00000000d5c00000,0x00000000ed5ead50,0x00000000efe00000)
  from space 20992K, 79% used [0x00000000f1500000,0x00000000f2559490,0x00000000f2980000)
  to   space 22528K, 0% used [0x00000000efe00000,0x00000000efe00000,0x00000000f1400000)
 ParOldGen       total 91648K, used 32242K [0x0000000081400000, 0x0000000086d80000, 0x00000000d5c00000)
  object space 91648K, 35% used [0x0000000081400000,0x000000008337c8d0,0x0000000086d80000)
 Metaspace       used 58321K, capacity 58656K, committed 59136K, reserved 1101824K
  class space    used 7504K, capacity 7616K, committed 7680K, reserved 1048576K
GC Heap History (10 events):
Event: 24.447 GC heap before
{Heap before GC invocations=14 (full 1):
 PSYoungGen      total 268800K, used 266589K [0x00000000d5c00000, 0x00000000e8a00000, 0x0000000100000000)
  eden space 255488K, 100% used [0x00000000d5c00000,0x00000000e5580000,0x00000000e5580000)
  from space 13312K, 83% used [0x00000000e6300000,0x00000000e6dd7530,0x00000000e7000000)
  to   space 13824K, 0% used [0x00000000e5580000,0x00000000e5580000,0x00000000e6300000)
 ParOldGen       total 59392K, used 12414K [0x0000000081400000, 0x0000000084e00000, 0x00000000d5c00000)
  object space 59392K, 20% used [0x0000000081400000,0x000000008201fb40,0x0000000084e00000)
 Metaspace       used 34168K, capacity 34582K, committed 34944K, reserved 1079296K
  class space    used 4299K, capacity 4417K, committed 4480K, reserved 1048576K
Event: 24.475 GC heap after
Heap after GC invocations=14 (full 1):
 PSYoungGen      total 269312K, used 12614K [0x00000000d5c00000, 0x00000000ec680000, 0x0000000100000000)
  eden space 255488K, 0% used [0x00000000d5c00000,0x00000000d5c00000,0x00000000e5580000)
  from space 13824K, 91% used [0x00000000e5580000,0x00000000e61d1b70,0x00000000e6300000)
  to   space 14848K, 0% used [0x00000000eb800000,0x00000000eb800000,0x00000000ec680000)
 ParOldGen       total 59392K, used 13491K [0x0000000081400000, 0x0000000084e00000, 0x00000000d5c00000)
  object space 59392K, 22% used [0x0000000081400000,0x000000008212cff0,0x0000000084e00000)
 Metaspace       used 34168K, capacity 34582K, committed 34944K, reserved 1079296K
  class space    used 4299K, capacity 4417K, committed 4480K, reserved 1048576K
}
Event: 25.890 GC heap before
{Heap before GC invocations=15 (full 1):
 PSYoungGen      total 269312K, used 85358K [0x00000000d5c00000, 0x00000000ec680000, 0x0000000100000000)
  eden space 255488K, 28% used [0x00000000d5c00000,0x00000000da30a020,0x00000000e5580000)
  from space 13824K, 91% used [0x00000000e5580000,0x00000000e61d1b70,0x00000000e6300000)
  to   space 14848K, 0% used [0x00000000eb800000,0x00000000eb800000,0x00000000ec680000)
 ParOldGen       total 59392K, used 13491K [0x0000000081400000, 0x0000000084e00000, 0x00000000d5c00000)
  object space 59392K, 22% used [0x0000000081400000,0x000000008212cff0,0x0000000084e00000)
 Metaspace       used 34843K, capacity 35202K, committed 35496K, reserved 1081344K
  class space    used 4397K, capacity 4515K, committed 4608K, reserved 1048576K
Event: 25.910 GC heap after
Heap after GC invocations=15 (full 1):
 PSYoungGen      total 355840K, used 1633K [0x00000000d5c00000, 0x00000000ecb00000, 0x0000000100000000)
  eden space 340992K, 0% used [0x00000000d5c00000,0x00000000d5c00000,0x00000000ea900000)
  from space 14848K, 10% used [0x00000000eb800000,0x00000000eb998498,0x00000000ec680000)
  to   space 15360K, 0% used [0x00000000ea900000,0x00000000ea900000,0x00000000eb800000)
 ParOldGen       total 59392K, used 19986K [0x0000000081400000, 0x0000000084e00000, 0x00000000d5c00000)
  object space 59392K, 33% used [0x0000000081400000,0x00000000827849f8,0x0000000084e00000)
 Metaspace       used 34843K, capacity 35202K, committed 35496K, reserved 1081344K
  class space    used 4397K, capacity 4515K, committed 4608K, reserved 1048576K
}
Event: 25.910 GC heap before
{Heap before GC invocations=16 (full 2):
 PSYoungGen      total 355840K, used 1633K [0x00000000d5c00000, 0x00000000ecb00000, 0x0000000100000000)
  eden space 340992K, 0% used [0x00000000d5c00000,0x00000000d5c00000,0x00000000ea900000)
  from space 14848K, 10% used [0x00000000eb800000,0x00000000eb998498,0x00000000ec680000)
  to   space 15360K, 0% used [0x00000000ea900000,0x00000000ea900000,0x00000000eb800000)
 ParOldGen       total 59392K, used 19986K [0x0000000081400000, 0x0000000084e00000, 0x00000000d5c00000)
  object space 59392K, 33% used [0x0000000081400000,0x00000000827849f8,0x0000000084e00000)
 Metaspace       used 34843K, capacity 35202K, committed 35496K, reserved 1081344K
  class space    used 4397K, capacity 4515K, committed 4608K, reserved 1048576K
Event: 26.145 GC heap after
Heap after GC invocations=16 (full 2):
 PSYoungGen      total 355840K, used 0K [0x00000000d5c00000, 0x00000000ecb00000, 0x0000000100000000)
  eden space 340992K, 0% used [0x00000000d5c00000,0x00000000d5c00000,0x00000000ea900000)
  from space 14848K, 0% used [0x00000000eb800000,0x00000000eb800000,0x00000000ec680000)
  to   space 15360K, 0% used [0x00000000ea900000,0x00000000ea900000,0x00000000eb800000)
 ParOldGen       total 91648K, used 19454K [0x0000000081400000, 0x0000000086d80000, 0x00000000d5c00000)
  object space 91648K, 21% used [0x0000000081400000,0x00000000826ffa00,0x0000000086d80000)
 Metaspace       used 34843K, capacity 35202K, committed 35496K, reserved 1081344K
  class space    used 4397K, capacity 4515K, committed 4608K, reserved 1048576K
}
Event: 38.540 GC heap before
{Heap before GC invocations=17 (full 2):
 PSYoungGen      total 355840K, used 340992K [0x00000000d5c00000, 0x00000000ecb00000, 0x0000000100000000)
  eden space 340992K, 100% used [0x00000000d5c00000,0x00000000ea900000,0x00000000ea900000)
  from space 14848K, 0% used [0x00000000eb800000,0x00000000eb800000,0x00000000ec680000)
  to   space 15360K, 0% used [0x00000000ea900000,0x00000000ea900000,0x00000000eb800000)
 ParOldGen       total 91648K, used 19454K [0x0000000081400000, 0x0000000086d80000, 0x00000000d5c00000)
  object space 91648K, 21% used [0x0000000081400000,0x00000000826ffa00,0x0000000086d80000)
 Metaspace       used 47219K, capacity 47558K, committed 48000K, reserved 1091584K
  class space    used 6104K, capacity 6217K, committed 6272K, reserved 1048576K
Event: 38.594 GC heap after
Heap after GC invocations=17 (full 2):
 PSYoungGen      total 356352K, used 15344K [0x00000000d5c00000, 0x00000000f2980000, 0x0000000100000000)
  eden space 340992K, 0% used [0x00000000d5c00000,0x00000000d5c00000,0x00000000ea900000)
  from space 15360K, 99% used [0x00000000ea900000,0x00000000eb7fc3f8,0x00000000eb800000)
  to   space 20992K, 0% used [0x00000000f1500000,0x00000000f1500000,0x00000000f2980000)
 ParOldGen       total 91648K, used 28098K [0x0000000081400000, 0x0000000086d80000, 0x00000000d5c00000)
  object space 91648K, 30% used [0x0000000081400000,0x0000000082f70b40,0x0000000086d80000)
 Metaspace       used 47219K, capacity 47558K, committed 48000K, reserved 1091584K
  class space    used 6104K, capacity 6217K, committed 6272K, reserved 1048576K
}
Event: 45.009 GC heap before
{Heap before GC invocations=18 (full 2):
 PSYoungGen      total 356352K, used 356336K [0x00000000d5c00000, 0x00000000f2980000, 0x0000000100000000)
  eden space 340992K, 100% used [0x00000000d5c00000,0x00000000ea900000,0x00000000ea900000)
  from space 15360K, 99% used [0x00000000ea900000,0x00000000eb7fc3f8,0x00000000eb800000)
  to   space 20992K, 0% used [0x00000000f1500000,0x00000000f1500000,0x00000000f2980000)
 ParOldGen       total 91648K, used 28098K [0x0000000081400000, 0x0000000086d80000, 0x00000000d5c00000)
  object space 91648K, 30% used [0x0000000081400000,0x0000000082f70b40,0x0000000086d80000)
 Metaspace       used 50109K, capacity 50454K, committed 50944K, reserved 1093632K
  class space    used 6465K, capacity 6577K, committed 6656K, reserved 1048576K
Event: 45.056 GC heap after
Heap after GC invocations=18 (full 2):
 PSYoungGen      total 449024K, used 16741K [0x00000000d5c00000, 0x00000000f2a00000, 0x0000000100000000)
  eden space 428032K, 0% used [0x00000000d5c00000,0x00000000d5c00000,0x00000000efe00000)
  from space 20992K, 79% used [0x00000000f1500000,0x00000000f2559490,0x00000000f2980000)
  to   space 22528K, 0% used [0x00000000efe00000,0x00000000efe00000,0x00000000f1400000)
 ParOldGen       total 91648K, used 32242K [0x0000000081400000, 0x0000000086d80000, 0x00000000d5c00000)
  object space 91648K, 35% used [0x0000000081400000,0x000000008337c8d0,0x0000000086d80000)
 Metaspace       used 50109K, capacity 50454K, committed 50944K, reserved 1093632K
  class space    used 6465K, capacity 6577K, committed 6656K, reserved 1048576K
}

