# JRE version: Java(TM) SE Runtime Environment (8.0_111-b14) (build 1.8.0_111-b14)
# Java VM: Java HotSpot(TM) 64-Bit Server VM (25.111-b14 mixed mode windows-amd64 compressed oops)
Heap:
 PSYoungGen      total 631808K, used 54781K [0x00000000d5c00000, 0x00000000fef80000, 0x0000000100000000)
  eden space 606208K, 9% used [0x00000000d5c00000,0x00000000d917f768,0x00000000fac00000)
  from space 25600K, 0% used [0x00000000fd680000,0x00000000fd680000,0x00000000fef80000)
  to   space 31744K, 0% used [0x00000000fb180000,0x00000000fb180000,0x00000000fd080000)
 ParOldGen       total 150016K, used 49513K [0x0000000081400000, 0x000000008a680000, 0x00000000d5c00000)
  object space 150016K, 33% used [0x0000000081400000,0x000000008445a420,0x000000008a680000)
 Metaspace       used 59624K, capacity 60418K, committed 60696K, reserved 1101824K
  class space    used 7514K, capacity 7691K, committed 7808K, reserved 1048576K
GC Heap History (10 events):
Event: 31.012 GC heap before
{Heap before GC invocations=13 (full 1):
 PSYoungGen      total 385536K, used 346844K [0x00000000d5c00000, 0x00000000f6500000, 0x0000000100000000)
  eden space 366080K, 92% used [0x00000000d5c00000,0x00000000ea528608,0x00000000ec180000)
  from space 19456K, 50% used [0x00000000ec180000,0x00000000ecb0eae0,0x00000000ed480000)
  to   space 18432K, 0% used [0x00000000f5300000,0x00000000f5300000,0x00000000f6500000)
 ParOldGen       total 61952K, used 12273K [0x0000000081400000, 0x0000000085080000, 0x00000000d5c00000)
  object space 61952K, 19% used [0x0000000081400000,0x0000000081ffc640,0x0000000085080000)
 Metaspace       used 34878K, capacity 35214K, committed 35496K, reserved 1081344K
  class space    used 4448K, capacity 4542K, committed 4608K, reserved 1048576K
Event: 31.060 GC heap after
Heap after GC invocations=13 (full 1):
 PSYoungGen      total 510464K, used 18430K [0x00000000d5c00000, 0x00000000f6b00000, 0x0000000100000000)
  eden space 492032K, 0% used [0x00000000d5c00000,0x00000000d5c00000,0x00000000f3c80000)
  from space 18432K, 99% used [0x00000000f5300000,0x00000000f64ffb30,0x00000000f6500000)
  to   space 23040K, 0% used [0x00000000f3c80000,0x00000000f3c80000,0x00000000f5300000)
 ParOldGen       total 61952K, used 17476K [0x0000000081400000, 0x0000000085080000, 0x00000000d5c00000)
  object space 61952K, 28% used [0x0000000081400000,0x0000000082511248,0x0000000085080000)
 Metaspace       used 34878K, capacity 35214K, committed 35496K, reserved 1081344K
  class space    used 4448K, capacity 4542K, committed 4608K, reserved 1048576K
}
Event: 31.060 GC heap before
{Heap before GC invocations=14 (full 2):
 PSYoungGen      total 510464K, used 18430K [0x00000000d5c00000, 0x00000000f6b00000, 0x0000000100000000)
  eden space 492032K, 0% used [0x00000000d5c00000,0x00000000d5c00000,0x00000000f3c80000)
  from space 18432K, 99% used [0x00000000f5300000,0x00000000f64ffb30,0x00000000f6500000)
  to   space 23040K, 0% used [0x00000000f3c80000,0x00000000f3c80000,0x00000000f5300000)
 ParOldGen       total 61952K, used 17476K [0x0000000081400000, 0x0000000085080000, 0x00000000d5c00000)
  object space 61952K, 28% used [0x0000000081400000,0x0000000082511248,0x0000000085080000)
 Metaspace       used 34878K, capacity 35214K, committed 35496K, reserved 1081344K
  class space    used 4448K, capacity 4542K, committed 4608K, reserved 1048576K
Event: 31.335 GC heap after
Heap after GC invocations=14 (full 2):
 PSYoungGen      total 510464K, used 0K [0x00000000d5c00000, 0x00000000f6b00000, 0x0000000100000000)
  eden space 492032K, 0% used [0x00000000d5c00000,0x00000000d5c00000,0x00000000f3c80000)
  from space 18432K, 0% used [0x00000000f5300000,0x00000000f5300000,0x00000000f6500000)
  to   space 23040K, 0% used [0x00000000f3c80000,0x00000000f3c80000,0x00000000f5300000)
 ParOldGen       total 107520K, used 33908K [0x0000000081400000, 0x0000000087d00000, 0x00000000d5c00000)
  object space 107520K, 31% used [0x0000000081400000,0x000000008351d238,0x0000000087d00000)
 Metaspace       used 34878K, capacity 35214K, committed 35496K, reserved 1081344K
  class space    used 4448K, capacity 4542K, committed 4608K, reserved 1048576K
}
Event: 67.492 GC heap before
{Heap before GC invocations=15 (full 2):
 PSYoungGen      total 510464K, used 492032K [0x00000000d5c00000, 0x00000000f6b00000, 0x0000000100000000)
  eden space 492032K, 100% used [0x00000000d5c00000,0x00000000f3c80000,0x00000000f3c80000)
  from space 18432K, 0% used [0x00000000f5300000,0x00000000f5300000,0x00000000f6500000)
  to   space 23040K, 0% used [0x00000000f3c80000,0x00000000f3c80000,0x00000000f5300000)
 ParOldGen       total 107520K, used 33908K [0x0000000081400000, 0x0000000087d00000, 0x00000000d5c00000)
  object space 107520K, 31% used [0x0000000081400000,0x000000008351d238,0x0000000087d00000)
 Metaspace       used 51550K, capacity 52168K, committed 52480K, reserved 1095680K
  class space    used 6442K, capacity 6586K, committed 6656K, reserved 1048576K
Event: 67.564 GC heap after
Heap after GC invocations=15 (full 2):
 PSYoungGen      total 515072K, used 23024K [0x00000000d5c00000, 0x00000000ff280000, 0x0000000100000000)
  eden space 492032K, 0% used [0x00000000d5c00000,0x00000000d5c00000,0x00000000f3c80000)
  from space 23040K, 99% used [0x00000000f3c80000,0x00000000f52fc148,0x00000000f5300000)
  to   space 28672K, 0% used [0x00000000fd680000,0x00000000fd680000,0x00000000ff280000)
 ParOldGen       total 107520K, used 40220K [0x0000000081400000, 0x0000000087d00000, 0x00000000d5c00000)
  object space 107520K, 37% used [0x0000000081400000,0x0000000083b471d0,0x0000000087d00000)
 Metaspace       used 51550K, capacity 52168K, committed 52480K, reserved 1095680K
  class space    used 6442K, capacity 6586K, committed 6656K, reserved 1048576K
}
Event: 91.279 GC heap before
{Heap before GC invocations=16 (full 2):
 PSYoungGen      total 515072K, used 435514K [0x00000000d5c00000, 0x00000000ff280000, 0x0000000100000000)
  eden space 492032K, 83% used [0x00000000d5c00000,0x00000000eeed2a98,0x00000000f3c80000)
  from space 23040K, 99% used [0x00000000f3c80000,0x00000000f52fc148,0x00000000f5300000)
  to   space 28672K, 0% used [0x00000000fd680000,0x00000000fd680000,0x00000000ff280000)
 ParOldGen       total 107520K, used 40220K [0x0000000081400000, 0x0000000087d00000, 0x00000000d5c00000)
  object space 107520K, 37% used [0x0000000081400000,0x0000000083b471d0,0x0000000087d00000)
 Metaspace       used 58331K, capacity 59062K, committed 59160K, reserved 1101824K
  class space    used 7327K, capacity 7459K, committed 7552K, reserved 1048576K
Event: 91.331 GC heap after
Heap after GC invocations=16 (full 2):
 PSYoungGen      total 631808K, used 25229K [0x00000000d5c00000, 0x00000000fef80000, 0x0000000100000000)
  eden space 606208K, 0% used [0x00000000d5c00000,0x00000000d5c00000,0x00000000fac00000)
  from space 25600K, 98% used [0x00000000fd680000,0x00000000fef237f8,0x00000000fef80000)
  to   space 31744K, 0% used [0x00000000fb180000,0x00000000fb180000,0x00000000fd080000)
 ParOldGen       total 107520K, used 52007K [0x0000000081400000, 0x0000000087d00000, 0x00000000d5c00000)
  object space 107520K, 48% used [0x0000000081400000,0x00000000846c9c88,0x0000000087d00000)
 Metaspace       used 58331K, capacity 59062K, committed 59160K, reserved 1101824K
  class space    used 7327K, capacity 7459K, committed 7552K, reserved 1048576K
}
Event: 91.331 GC heap before
{Heap before GC invocations=17 (full 3):
 PSYoungGen      total 631808K, used 25229K [0x00000000d5c00000, 0x00000000fef80000, 0x0000000100000000)
  eden space 606208K, 0% used [0x00000000d5c00000,0x00000000d5c00000,0x00000000fac00000)
  from space 25600K, 98% used [0x00000000fd680000,0x00000000fef237f8,0x00000000fef80000)
  to   space 31744K, 0% used [0x00000000fb180000,0x00000000fb180000,0x00000000fd080000)
 ParOldGen       total 107520K, used 52007K [0x0000000081400000, 0x0000000087d00000, 0x00000000d5c00000)
  object space 107520K, 48% used [0x0000000081400000,0x00000000846c9c88,0x0000000087d00000)
 Metaspace       used 58331K, capacity 59062K, committed 59160K, reserved 1101824K
  class space    used 7327K, capacity 7459K, committed 7552K, reserved 1048576K
Event: 91.654 GC heap after
Heap after GC invocations=17 (full 3):
 PSYoungGen      total 631808K, used 0K [0x00000000d5c00000, 0x00000000fef80000, 0x0000000100000000)
  eden space 606208K, 0% used [0x00000000d5c00000,0x00000000d5c00000,0x00000000fac00000)
  from space 25600K, 0% used [0x00000000fd680000,0x00000000fd680000,0x00000000fef80000)
  to   space 31744K, 0% used [0x00000000fb180000,0x00000000fb180000,0x00000000fd080000)
 ParOldGen       total 150016K, used 49513K [0x0000000081400000, 0x000000008a680000, 0x00000000d5c00000)
  object space 150016K, 33% used [0x0000000081400000,0x000000008445a420,0x000000008a680000)
 Metaspace       used 58331K, capacity 59062K, committed 59160K, reserved 1101824K
  class space    used 7327K, capacity 7459K, committed 7552K, reserved 1048576K
}

