# JRE version: Java(TM) SE Runtime Environment (8.0_111-b14) (build 1.8.0_111-b14)
# Java VM: Java HotSpot(TM) 64-Bit Server VM (25.111-b14 mixed mode windows-amd64 compressed oops)
Heap:
 PSYoungGen      total 342528K, used 34013K [0x00000000d5c00000, 0x00000000f2900000, 0x0000000100000000)
  eden space 326656K, 5% used [0x00000000d5c00000,0x00000000d6e01848,0x00000000e9b00000)
  from space 15872K, 98% used [0x00000000f1980000,0x00000000f28b5ca0,0x00000000f2900000)
  to   space 25088K, 0% used [0x00000000ef800000,0x00000000ef800000,0x00000000f1080000)
 ParOldGen       total 102912K, used 46340K [0x0000000081400000, 0x0000000087880000, 0x00000000d5c00000)
  object space 102912K, 45% used [0x0000000081400000,0x0000000084141190,0x0000000087880000)
 Metaspace       used 55467K, capacity 55958K, committed 56192K, reserved 1097728K
  class space    used 7108K, capacity 7235K, committed 7296K, reserved 1048576K
GC Heap History (10 events):
Event: 26.592 GC heap before
{Heap before GC invocations=14 (full 1):
 PSYoungGen      total 270848K, used 267854K [0x00000000d5c00000, 0x00000000e8a80000, 0x0000000100000000)
  eden space 257536K, 100% used [0x00000000d5c00000,0x00000000e5780000,0x00000000e5780000)
  from space 13312K, 77% used [0x00000000e6500000,0x00000000e6f139d8,0x00000000e7200000)
  to   space 13824K, 0% used [0x00000000e5780000,0x00000000e5780000,0x00000000e6500000)
 ParOldGen       total 59392K, used 12432K [0x0000000081400000, 0x0000000084e00000, 0x00000000d5c00000)
  object space 59392K, 20% used [0x0000000081400000,0x0000000082024038,0x0000000084e00000)
 Metaspace       used 31812K, capacity 32176K, committed 32512K, reserved 1077248K
  class space    used 4001K, capacity 4089K, committed 4096K, reserved 1048576K
Event: 26.633 GC heap after
Heap after GC invocations=14 (full 1):
 PSYoungGen      total 271360K, used 12813K [0x00000000d5c00000, 0x00000000ec980000, 0x0000000100000000)
  eden space 257536K, 0% used [0x00000000d5c00000,0x00000000d5c00000,0x00000000e5780000)
  from space 13824K, 92% used [0x00000000e5780000,0x00000000e6403440,0x00000000e6500000)
  to   space 14848K, 0% used [0x00000000ebb00000,0x00000000ebb00000,0x00000000ec980000)
 ParOldGen       total 59392K, used 12640K [0x0000000081400000, 0x0000000084e00000, 0x00000000d5c00000)
  object space 59392K, 21% used [0x0000000081400000,0x0000000082058038,0x0000000084e00000)
 Metaspace       used 31812K, capacity 32176K, committed 32512K, reserved 1077248K
  class space    used 4001K, capacity 4089K, committed 4096K, reserved 1048576K
}
Event: 29.940 GC heap before
{Heap before GC invocations=15 (full 1):
 PSYoungGen      total 271360K, used 246243K [0x00000000d5c00000, 0x00000000ec980000, 0x0000000100000000)
  eden space 257536K, 90% used [0x00000000d5c00000,0x00000000e3ff5b68,0x00000000e5780000)
  from space 13824K, 92% used [0x00000000e5780000,0x00000000e6403440,0x00000000e6500000)
  to   space 14848K, 0% used [0x00000000ebb00000,0x00000000ebb00000,0x00000000ec980000)
 ParOldGen       total 59392K, used 12640K [0x0000000081400000, 0x0000000084e00000, 0x00000000d5c00000)
  object space 59392K, 21% used [0x0000000081400000,0x0000000082058038,0x0000000084e00000)
 Metaspace       used 34886K, capacity 35222K, committed 35496K, reserved 1081344K
  class space    used 4477K, capacity 4570K, committed 4608K, reserved 1048576K
Event: 29.969 GC heap after
Heap after GC invocations=15 (full 1):
 PSYoungGen      total 355328K, used 14836K [0x00000000d5c00000, 0x00000000ecf80000, 0x0000000100000000)
  eden space 340480K, 0% used [0x00000000d5c00000,0x00000000d5c00000,0x00000000ea880000)
  from space 14848K, 99% used [0x00000000ebb00000,0x00000000ec97d390,0x00000000ec980000)
  to   space 18944K, 0% used [0x00000000ea880000,0x00000000ea880000,0x00000000ebb00000)
 ParOldGen       total 59392K, used 19484K [0x0000000081400000, 0x0000000084e00000, 0x00000000d5c00000)
  object space 59392K, 32% used [0x0000000081400000,0x0000000082707198,0x0000000084e00000)
 Metaspace       used 34886K, capacity 35222K, committed 35496K, reserved 1081344K
  class space    used 4477K, capacity 4570K, committed 4608K, reserved 1048576K
}
Event: 29.969 GC heap before
{Heap before GC invocations=16 (full 2):
 PSYoungGen      total 355328K, used 14836K [0x00000000d5c00000, 0x00000000ecf80000, 0x0000000100000000)
  eden space 340480K, 0% used [0x00000000d5c00000,0x00000000d5c00000,0x00000000ea880000)
  from space 14848K, 99% used [0x00000000ebb00000,0x00000000ec97d390,0x00000000ec980000)
  to   space 18944K, 0% used [0x00000000ea880000,0x00000000ea880000,0x00000000ebb00000)
 ParOldGen       total 59392K, used 19484K [0x0000000081400000, 0x0000000084e00000, 0x00000000d5c00000)
  object space 59392K, 32% used [0x0000000081400000,0x0000000082707198,0x0000000084e00000)
 Metaspace       used 34886K, capacity 35222K, committed 35496K, reserved 1081344K
  class space    used 4477K, capacity 4570K, committed 4608K, reserved 1048576K
Event: 30.199 GC heap after
Heap after GC invocations=16 (full 2):
 PSYoungGen      total 355328K, used 0K [0x00000000d5c00000, 0x00000000ecf80000, 0x0000000100000000)
  eden space 340480K, 0% used [0x00000000d5c00000,0x00000000d5c00000,0x00000000ea880000)
  from space 14848K, 0% used [0x00000000ebb00000,0x00000000ebb00000,0x00000000ec980000)
  to   space 18944K, 0% used [0x00000000ea880000,0x00000000ea880000,0x00000000ebb00000)
 ParOldGen       total 102912K, used 31672K [0x0000000081400000, 0x0000000087880000, 0x00000000d5c00000)
  object space 102912K, 30% used [0x0000000081400000,0x00000000832ee340,0x0000000087880000)
 Metaspace       used 34886K, capacity 35222K, committed 35496K, reserved 1081344K
  class space    used 4477K, capacity 4570K, committed 4608K, reserved 1048576K
}
Event: 45.457 GC heap before
{Heap before GC invocations=17 (full 2):
 PSYoungGen      total 355328K, used 340480K [0x00000000d5c00000, 0x00000000ecf80000, 0x0000000100000000)
  eden space 340480K, 100% used [0x00000000d5c00000,0x00000000ea880000,0x00000000ea880000)
  from space 14848K, 0% used [0x00000000ebb00000,0x00000000ebb00000,0x00000000ec980000)
  to   space 18944K, 0% used [0x00000000ea880000,0x00000000ea880000,0x00000000ebb00000)
 ParOldGen       total 102912K, used 31672K [0x0000000081400000, 0x0000000087880000, 0x00000000d5c00000)
  object space 102912K, 30% used [0x0000000081400000,0x00000000832ee340,0x0000000087880000)
 Metaspace       used 47872K, capacity 48262K, committed 48512K, reserved 1091584K
  class space    used 6139K, capacity 6239K, committed 6272K, reserved 1048576K
Event: 45.503 GC heap after
Heap after GC invocations=17 (full 2):
 PSYoungGen      total 359424K, used 18935K [0x00000000d5c00000, 0x00000000f3200000, 0x0000000100000000)
  eden space 340480K, 0% used [0x00000000d5c00000,0x00000000d5c00000,0x00000000ea880000)
  from space 18944K, 99% used [0x00000000ea880000,0x00000000ebafdf30,0x00000000ebb00000)
  to   space 25088K, 0% used [0x00000000f1980000,0x00000000f1980000,0x00000000f3200000)
 ParOldGen       total 102912K, used 40553K [0x0000000081400000, 0x0000000087880000, 0x00000000d5c00000)
  object space 102912K, 39% used [0x0000000081400000,0x0000000083b9a400,0x0000000087880000)
 Metaspace       used 47872K, capacity 48262K, committed 48512K, reserved 1091584K
  class space    used 6139K, capacity 6239K, committed 6272K, reserved 1048576K
}
Event: 876.588 GC heap before
{Heap before GC invocations=18 (full 2):
 PSYoungGen      total 359424K, used 359415K [0x00000000d5c00000, 0x00000000f3200000, 0x0000000100000000)
  eden space 340480K, 100% used [0x00000000d5c00000,0x00000000ea880000,0x00000000ea880000)
  from space 18944K, 99% used [0x00000000ea880000,0x00000000ebafdf30,0x00000000ebb00000)
  to   space 25088K, 0% used [0x00000000f1980000,0x00000000f1980000,0x00000000f3200000)
 ParOldGen       total 102912K, used 40553K [0x0000000081400000, 0x0000000087880000, 0x00000000d5c00000)
  object space 102912K, 39% used [0x0000000081400000,0x0000000083b9a400,0x0000000087880000)
 Metaspace       used 55314K, capacity 55846K, committed 56192K, reserved 1097728K
  class space    used 7103K, capacity 7227K, committed 7296K, reserved 1048576K
Event: 876.619 GC heap after
Heap after GC invocations=18 (full 2):
 PSYoungGen      total 342528K, used 15575K [0x00000000d5c00000, 0x00000000f2900000, 0x0000000100000000)
  eden space 326656K, 0% used [0x00000000d5c00000,0x00000000d5c00000,0x00000000e9b00000)
  from space 15872K, 98% used [0x00000000f1980000,0x00000000f28b5ca0,0x00000000f2900000)
  to   space 25088K, 0% used [0x00000000ef800000,0x00000000ef800000,0x00000000f1080000)
 ParOldGen       total 102912K, used 46340K [0x0000000081400000, 0x0000000087880000, 0x00000000d5c00000)
  object space 102912K, 45% used [0x0000000081400000,0x0000000084141190,0x0000000087880000)
 Metaspace       used 55314K, capacity 55846K, committed 56192K, reserved 1097728K
  class space    used 7103K, capacity 7227K, committed 7296K, reserved 1048576K
}

