# JRE version: Java(TM) SE Runtime Environment (8.0_111-b14) (build 1.8.0_111-b14)
# Java VM: Java HotSpot(TM) 64-Bit Server VM (25.111-b14 mixed mode windows-amd64 compressed oops)
Heap:
 PSYoungGen      total 498176K, used 275634K [0x00000000d5c00000, 0x00000000fdf80000, 0x0000000100000000)
  eden space 477696K, 53% used [0x00000000d5c00000,0x00000000e5531128,0x00000000f2e80000)
  from space 20480K, 99% used [0x00000000f2e80000,0x00000000f427b898,0x00000000f4280000)
  to   space 28672K, 0% used [0x00000000fc380000,0x00000000fc380000,0x00000000fdf80000)
 ParOldGen       total 104448K, used 45002K [0x0000000081400000, 0x0000000087a00000, 0x00000000d5c00000)
  object space 104448K, 43% used [0x0000000081400000,0x0000000083ff28f0,0x0000000087a00000)
 Metaspace       used 56214K, capacity 56822K, committed 57216K, reserved 1099776K
  class space    used 7064K, capacity 7187K, committed 7296K, reserved 1048576K
GC Heap History (10 events):
Event: 16.765 GC heap before
{Heap before GC invocations=11 (full 1):
 PSYoungGen      total 280576K, used 279971K [0x00000000d5c00000, 0x00000000ee400000, 0x0000000100000000)
  eden space 265216K, 100% used [0x00000000d5c00000,0x00000000e5f00000,0x00000000e5f00000)
  from space 15360K, 96% used [0x00000000e5f00000,0x00000000e6d68e88,0x00000000e6e00000)
  to   space 17408K, 0% used [0x00000000ed300000,0x00000000ed300000,0x00000000ee400000)
 ParOldGen       total 61440K, used 11288K [0x0000000081400000, 0x0000000085000000, 0x00000000d5c00000)
  object space 61440K, 18% used [0x0000000081400000,0x0000000081f062a8,0x0000000085000000)
 Metaspace       used 23167K, capacity 23518K, committed 23808K, reserved 1071104K
  class space    used 2885K, capacity 2960K, committed 3072K, reserved 1048576K
Event: 16.780 GC heap after
Heap after GC invocations=11 (full 1):
 PSYoungGen      total 371200K, used 11795K [0x00000000d5c00000, 0x00000000edf00000, 0x0000000100000000)
  eden space 358912K, 0% used [0x00000000d5c00000,0x00000000d5c00000,0x00000000eba80000)
  from space 12288K, 95% used [0x00000000ed300000,0x00000000ede84d70,0x00000000edf00000)
  to   space 17920K, 0% used [0x00000000ebc00000,0x00000000ebc00000,0x00000000ecd80000)
 ParOldGen       total 61440K, used 11288K [0x0000000081400000, 0x0000000085000000, 0x00000000d5c00000)
  object space 61440K, 18% used [0x0000000081400000,0x0000000081f062a8,0x0000000085000000)
 Metaspace       used 23167K, capacity 23518K, committed 23808K, reserved 1071104K
  class space    used 2885K, capacity 2960K, committed 3072K, reserved 1048576K
}
Event: 21.929 GC heap before
{Heap before GC invocations=12 (full 1):
 PSYoungGen      total 371200K, used 370707K [0x00000000d5c00000, 0x00000000edf00000, 0x0000000100000000)
  eden space 358912K, 100% used [0x00000000d5c00000,0x00000000eba80000,0x00000000eba80000)
  from space 12288K, 95% used [0x00000000ed300000,0x00000000ede84d70,0x00000000edf00000)
  to   space 17920K, 0% used [0x00000000ebc00000,0x00000000ebc00000,0x00000000ecd80000)
 ParOldGen       total 61440K, used 11288K [0x0000000081400000, 0x0000000085000000, 0x00000000d5c00000)
  object space 61440K, 18% used [0x0000000081400000,0x0000000081f062a8,0x0000000085000000)
 Metaspace       used 31942K, capacity 32276K, committed 32640K, reserved 1077248K
  class space    used 4027K, capacity 4121K, committed 4224K, reserved 1048576K
Event: 21.972 GC heap after
Heap after GC invocations=12 (full 1):
 PSYoungGen      total 378368K, used 17285K [0x00000000d5c00000, 0x00000000f5600000, 0x0000000100000000)
  eden space 360448K, 0% used [0x00000000d5c00000,0x00000000d5c00000,0x00000000ebc00000)
  from space 17920K, 96% used [0x00000000ebc00000,0x00000000ecce1438,0x00000000ecd80000)
  to   space 19968K, 0% used [0x00000000f4280000,0x00000000f4280000,0x00000000f5600000)
 ParOldGen       total 61440K, used 12240K [0x0000000081400000, 0x0000000085000000, 0x00000000d5c00000)
  object space 61440K, 19% used [0x0000000081400000,0x0000000081ff4188,0x0000000085000000)
 Metaspace       used 31942K, capacity 32276K, committed 32640K, reserved 1077248K
  class space    used 4027K, capacity 4121K, committed 4224K, reserved 1048576K
}
Event: 24.220 GC heap before
{Heap before GC invocations=13 (full 1):
 PSYoungGen      total 378368K, used 172865K [0x00000000d5c00000, 0x00000000f5600000, 0x0000000100000000)
  eden space 360448K, 43% used [0x00000000d5c00000,0x00000000df3ef2e0,0x00000000ebc00000)
  from space 17920K, 96% used [0x00000000ebc00000,0x00000000ecce1438,0x00000000ecd80000)
  to   space 19968K, 0% used [0x00000000f4280000,0x00000000f4280000,0x00000000f5600000)
 ParOldGen       total 61440K, used 12240K [0x0000000081400000, 0x0000000085000000, 0x00000000d5c00000)
  object space 61440K, 19% used [0x0000000081400000,0x0000000081ff4188,0x0000000085000000)
 Metaspace       used 34948K, capacity 35258K, committed 35496K, reserved 1081344K
  class space    used 4514K, capacity 4602K, committed 4608K, reserved 1048576K
Event: 24.266 GC heap after
Heap after GC invocations=13 (full 1):
 PSYoungGen      total 497664K, used 13531K [0x00000000d5c00000, 0x00000000f5e00000, 0x0000000100000000)
  eden space 477696K, 0% used [0x00000000d5c00000,0x00000000d5c00000,0x00000000f2e80000)
  from space 19968K, 67% used [0x00000000f4280000,0x00000000f4fb6f90,0x00000000f5600000)
  to   space 20480K, 0% used [0x00000000f2e80000,0x00000000f2e80000,0x00000000f4280000)
 ParOldGen       total 61440K, used 18713K [0x0000000081400000, 0x0000000085000000, 0x00000000d5c00000)
  object space 61440K, 30% used [0x0000000081400000,0x0000000082646660,0x0000000085000000)
 Metaspace       used 34948K, capacity 35258K, committed 35496K, reserved 1081344K
  class space    used 4514K, capacity 4602K, committed 4608K, reserved 1048576K
}
Event: 24.266 GC heap before
{Heap before GC invocations=14 (full 2):
 PSYoungGen      total 497664K, used 13531K [0x00000000d5c00000, 0x00000000f5e00000, 0x0000000100000000)
  eden space 477696K, 0% used [0x00000000d5c00000,0x00000000d5c00000,0x00000000f2e80000)
  from space 19968K, 67% used [0x00000000f4280000,0x00000000f4fb6f90,0x00000000f5600000)
  to   space 20480K, 0% used [0x00000000f2e80000,0x00000000f2e80000,0x00000000f4280000)
 ParOldGen       total 61440K, used 18713K [0x0000000081400000, 0x0000000085000000, 0x00000000d5c00000)
  object space 61440K, 30% used [0x0000000081400000,0x0000000082646660,0x0000000085000000)
 Metaspace       used 34948K, capacity 35258K, committed 35496K, reserved 1081344K
  class space    used 4514K, capacity 4602K, committed 4608K, reserved 1048576K
Event: 24.559 GC heap after
Heap after GC invocations=14 (full 2):
 PSYoungGen      total 497664K, used 0K [0x00000000d5c00000, 0x00000000f5e00000, 0x0000000100000000)
  eden space 477696K, 0% used [0x00000000d5c00000,0x00000000d5c00000,0x00000000f2e80000)
  from space 19968K, 0% used [0x00000000f4280000,0x00000000f4280000,0x00000000f5600000)
  to   space 20480K, 0% used [0x00000000f2e80000,0x00000000f2e80000,0x00000000f4280000)
 ParOldGen       total 104448K, used 30208K [0x0000000081400000, 0x0000000087a00000, 0x00000000d5c00000)
  object space 104448K, 28% used [0x0000000081400000,0x00000000831800d0,0x0000000087a00000)
 Metaspace       used 34948K, capacity 35258K, committed 35496K, reserved 1081344K
  class space    used 4514K, capacity 4602K, committed 4608K, reserved 1048576K
}
Event: 59.518 GC heap before
{Heap before GC invocations=15 (full 2):
 PSYoungGen      total 497664K, used 477696K [0x00000000d5c00000, 0x00000000f5e00000, 0x0000000100000000)
  eden space 477696K, 100% used [0x00000000d5c00000,0x00000000f2e80000,0x00000000f2e80000)
  from space 19968K, 0% used [0x00000000f4280000,0x00000000f4280000,0x00000000f5600000)
  to   space 20480K, 0% used [0x00000000f2e80000,0x00000000f2e80000,0x00000000f4280000)
 ParOldGen       total 104448K, used 30208K [0x0000000081400000, 0x0000000087a00000, 0x00000000d5c00000)
  object space 104448K, 28% used [0x0000000081400000,0x00000000831800d0,0x0000000087a00000)
 Metaspace       used 50819K, capacity 51306K, committed 51584K, reserved 1093632K
  class space    used 6338K, capacity 6447K, committed 6528K, reserved 1048576K
Event: 59.599 GC heap after
Heap after GC invocations=15 (full 2):
 PSYoungGen      total 498176K, used 20462K [0x00000000d5c00000, 0x00000000fdf80000, 0x0000000100000000)
  eden space 477696K, 0% used [0x00000000d5c00000,0x00000000d5c00000,0x00000000f2e80000)
  from space 20480K, 99% used [0x00000000f2e80000,0x00000000f427b898,0x00000000f4280000)
  to   space 28672K, 0% used [0x00000000fc380000,0x00000000fc380000,0x00000000fdf80000)
 ParOldGen       total 104448K, used 45002K [0x0000000081400000, 0x0000000087a00000, 0x00000000d5c00000)
  object space 104448K, 43% used [0x0000000081400000,0x0000000083ff28f0,0x0000000087a00000)
 Metaspace       used 50819K, capacity 51306K, committed 51584K, reserved 1093632K
  class space    used 6338K, capacity 6447K, committed 6528K, reserved 1048576K
}

