# JRE version: Java(TM) SE Runtime Environment (8.0_111-b14) (build 1.8.0_111-b14)
# Java VM: Java HotSpot(TM) 64-Bit Server VM (25.111-b14 mixed mode windows-amd64 compressed oops)
Heap:
 PSYoungGen      total 503808K, used 300680K [0x00000000d5c00000, 0x00000000feb00000, 0x0000000100000000)
  eden space 483328K, 57% used [0x00000000d5c00000,0x00000000e6da3ee0,0x00000000f3400000)
  from space 20480K, 99% used [0x00000000f3400000,0x00000000f47fe458,0x00000000f4800000)
  to   space 28672K, 0% used [0x00000000fcf00000,0x00000000fcf00000,0x00000000feb00000)
 ParOldGen       total 102400K, used 44861K [0x0000000081400000, 0x0000000087800000, 0x00000000d5c00000)
  object space 102400K, 43% used [0x0000000081400000,0x0000000083fcf5b8,0x0000000087800000)
 Metaspace       used 56860K, capacity 57476K, committed 57728K, reserved 1099776K
  class space    used 7139K, capacity 7290K, committed 7296K, reserved 1048576K
GC Heap History (10 events):
Event: 16.844 GC heap before
{Heap before GC invocations=11 (full 1):
 PSYoungGen      total 280576K, used 279956K [0x00000000d5c00000, 0x00000000ee700000, 0x0000000100000000)
  eden space 265216K, 100% used [0x00000000d5c00000,0x00000000e5f00000,0x00000000e5f00000)
  from space 15360K, 95% used [0x00000000e5f00000,0x00000000e6d65138,0x00000000e6e00000)
  to   space 17408K, 0% used [0x00000000ed600000,0x00000000ed600000,0x00000000ee700000)
 ParOldGen       total 60416K, used 11034K [0x0000000081400000, 0x0000000084f00000, 0x00000000d5c00000)
  object space 60416K, 18% used [0x0000000081400000,0x0000000081ec6988,0x0000000084f00000)
 Metaspace       used 23178K, capacity 23486K, committed 23808K, reserved 1071104K
  class space    used 2890K, capacity 2992K, committed 3072K, reserved 1048576K
Event: 16.867 GC heap after
Heap after GC invocations=11 (full 1):
 PSYoungGen      total 374784K, used 12039K [0x00000000d5c00000, 0x00000000ee200000, 0x0000000100000000)
  eden space 362496K, 0% used [0x00000000d5c00000,0x00000000d5c00000,0x00000000ebe00000)
  from space 12288K, 97% used [0x00000000ed600000,0x00000000ee1c1fb8,0x00000000ee200000)
  to   space 17920K, 0% used [0x00000000ebf00000,0x00000000ebf00000,0x00000000ed080000)
 ParOldGen       total 60416K, used 11042K [0x0000000081400000, 0x0000000084f00000, 0x00000000d5c00000)
  object space 60416K, 18% used [0x0000000081400000,0x0000000081ec8988,0x0000000084f00000)
 Metaspace       used 23178K, capacity 23486K, committed 23808K, reserved 1071104K
  class space    used 2890K, capacity 2992K, committed 3072K, reserved 1048576K
}
Event: 22.656 GC heap before
{Heap before GC invocations=12 (full 1):
 PSYoungGen      total 374784K, used 374535K [0x00000000d5c00000, 0x00000000ee200000, 0x0000000100000000)
  eden space 362496K, 100% used [0x00000000d5c00000,0x00000000ebe00000,0x00000000ebe00000)
  from space 12288K, 97% used [0x00000000ed600000,0x00000000ee1c1fb8,0x00000000ee200000)
  to   space 17920K, 0% used [0x00000000ebf00000,0x00000000ebf00000,0x00000000ed080000)
 ParOldGen       total 60416K, used 11042K [0x0000000081400000, 0x0000000084f00000, 0x00000000d5c00000)
  object space 60416K, 18% used [0x0000000081400000,0x0000000081ec8988,0x0000000084f00000)
 Metaspace       used 31961K, capacity 32282K, committed 32640K, reserved 1077248K
  class space    used 4032K, capacity 4122K, committed 4224K, reserved 1048576K
Event: 22.699 GC heap after
Heap after GC invocations=12 (full 1):
 PSYoungGen      total 381440K, used 17227K [0x00000000d5c00000, 0x00000000f5e00000, 0x0000000100000000)
  eden space 363520K, 0% used [0x00000000d5c00000,0x00000000d5c00000,0x00000000ebf00000)
  from space 17920K, 96% used [0x00000000ebf00000,0x00000000ecfd2de0,0x00000000ed080000)
  to   space 19968K, 0% used [0x00000000f4a80000,0x00000000f4a80000,0x00000000f5e00000)
 ParOldGen       total 60416K, used 12069K [0x0000000081400000, 0x0000000084f00000, 0x00000000d5c00000)
  object space 60416K, 19% used [0x0000000081400000,0x0000000081fc9690,0x0000000084f00000)
 Metaspace       used 31961K, capacity 32282K, committed 32640K, reserved 1077248K
  class space    used 4032K, capacity 4122K, committed 4224K, reserved 1048576K
}
Event: 24.925 GC heap before
{Heap before GC invocations=13 (full 1):
 PSYoungGen      total 381440K, used 180042K [0x00000000d5c00000, 0x00000000f5e00000, 0x0000000100000000)
  eden space 363520K, 44% used [0x00000000d5c00000,0x00000000dfaffa88,0x00000000ebf00000)
  from space 17920K, 96% used [0x00000000ebf00000,0x00000000ecfd2de0,0x00000000ed080000)
  to   space 19968K, 0% used [0x00000000f4a80000,0x00000000f4a80000,0x00000000f5e00000)
 ParOldGen       total 60416K, used 12069K [0x0000000081400000, 0x0000000084f00000, 0x00000000d5c00000)
  object space 60416K, 19% used [0x0000000081400000,0x0000000081fc9690,0x0000000084f00000)
 Metaspace       used 34965K, capacity 35264K, committed 35496K, reserved 1081344K
  class space    used 4514K, capacity 4603K, committed 4608K, reserved 1048576K
Event: 24.949 GC heap after
Heap after GC invocations=13 (full 1):
 PSYoungGen      total 501248K, used 13575K [0x00000000d5c00000, 0x00000000f5c00000, 0x0000000100000000)
  eden space 483328K, 0% used [0x00000000d5c00000,0x00000000d5c00000,0x00000000f3400000)
  from space 17920K, 75% used [0x00000000f4a80000,0x00000000f57c1de8,0x00000000f5c00000)
  to   space 20480K, 0% used [0x00000000f3400000,0x00000000f3400000,0x00000000f4800000)
 ParOldGen       total 60416K, used 18578K [0x0000000081400000, 0x0000000084f00000, 0x00000000d5c00000)
  object space 60416K, 30% used [0x0000000081400000,0x0000000082624b58,0x0000000084f00000)
 Metaspace       used 34965K, capacity 35264K, committed 35496K, reserved 1081344K
  class space    used 4514K, capacity 4603K, committed 4608K, reserved 1048576K
}
Event: 24.949 GC heap before
{Heap before GC invocations=14 (full 2):
 PSYoungGen      total 501248K, used 13575K [0x00000000d5c00000, 0x00000000f5c00000, 0x0000000100000000)
  eden space 483328K, 0% used [0x00000000d5c00000,0x00000000d5c00000,0x00000000f3400000)
  from space 17920K, 75% used [0x00000000f4a80000,0x00000000f57c1de8,0x00000000f5c00000)
  to   space 20480K, 0% used [0x00000000f3400000,0x00000000f3400000,0x00000000f4800000)
 ParOldGen       total 60416K, used 18578K [0x0000000081400000, 0x0000000084f00000, 0x00000000d5c00000)
  object space 60416K, 30% used [0x0000000081400000,0x0000000082624b58,0x0000000084f00000)
 Metaspace       used 34965K, capacity 35264K, committed 35496K, reserved 1081344K
  class space    used 4514K, capacity 4603K, committed 4608K, reserved 1048576K
Event: 25.185 GC heap after
Heap after GC invocations=14 (full 2):
 PSYoungGen      total 501248K, used 0K [0x00000000d5c00000, 0x00000000f5c00000, 0x0000000100000000)
  eden space 483328K, 0% used [0x00000000d5c00000,0x00000000d5c00000,0x00000000f3400000)
  from space 17920K, 0% used [0x00000000f4a80000,0x00000000f4a80000,0x00000000f5c00000)
  to   space 20480K, 0% used [0x00000000f3400000,0x00000000f3400000,0x00000000f4800000)
 ParOldGen       total 102400K, used 30350K [0x0000000081400000, 0x0000000087800000, 0x00000000d5c00000)
  object space 102400K, 29% used [0x0000000081400000,0x00000000831a3948,0x0000000087800000)
 Metaspace       used 34965K, capacity 35264K, committed 35496K, reserved 1081344K
  class space    used 4514K, capacity 4603K, committed 4608K, reserved 1048576K
}
Event: 97.376 GC heap before
{Heap before GC invocations=15 (full 2):
 PSYoungGen      total 501248K, used 483328K [0x00000000d5c00000, 0x00000000f5c00000, 0x0000000100000000)
  eden space 483328K, 100% used [0x00000000d5c00000,0x00000000f3400000,0x00000000f3400000)
  from space 17920K, 0% used [0x00000000f4a80000,0x00000000f4a80000,0x00000000f5c00000)
  to   space 20480K, 0% used [0x00000000f3400000,0x00000000f3400000,0x00000000f4800000)
 ParOldGen       total 102400K, used 30350K [0x0000000081400000, 0x0000000087800000, 0x00000000d5c00000)
  object space 102400K, 29% used [0x0000000081400000,0x00000000831a3948,0x0000000087800000)
 Metaspace       used 50617K, capacity 51048K, committed 51584K, reserved 1093632K
  class space    used 6320K, capacity 6420K, committed 6528K, reserved 1048576K
Event: 97.456 GC heap after
Heap after GC invocations=15 (full 2):
 PSYoungGen      total 503808K, used 20473K [0x00000000d5c00000, 0x00000000feb00000, 0x0000000100000000)
  eden space 483328K, 0% used [0x00000000d5c00000,0x00000000d5c00000,0x00000000f3400000)
  from space 20480K, 99% used [0x00000000f3400000,0x00000000f47fe458,0x00000000f4800000)
  to   space 28672K, 0% used [0x00000000fcf00000,0x00000000fcf00000,0x00000000feb00000)
 ParOldGen       total 102400K, used 44861K [0x0000000081400000, 0x0000000087800000, 0x00000000d5c00000)
  object space 102400K, 43% used [0x0000000081400000,0x0000000083fcf5b8,0x0000000087800000)
 Metaspace       used 50617K, capacity 51048K, committed 51584K, reserved 1093632K
  class space    used 6320K, capacity 6420K, committed 6528K, reserved 1048576K
}

